Archivo: prueba.cpp
20/10/2022 02:42:48 p. m.
altura 2 
= = altura = 5
i 0 i 0 
= = 0 = 0
j altura i - j altura i - j 2 i 0 
= = 0 = 0
j altura i - j altura i - j 2 j altura i - j 2 i 0 
= = 0 = 0
j altura i - j altura i - j 2 j altura i - j 2 j altura i - j 2 i 0 
= = 0 = 0
j altura i - j altura i - j 2 j altura i - j 2 j altura i - j 2 j altura i - j 2 i 0 
= = 0 = 0
j altura i - j altura i - j 2 j altura i - j 2 j altura i - j 2 j altura i - j 2 j altura i - j 2 i 0 
= = 0 = 0
j altura i - j altura i - j 2 1 1 2 2 
variables: 
area Float 0
radio Float 0
pi Float 0
resultado Float 0
a Int 0
d Int 0
altura Int 5
x Float 0
y Char 0
i Int 0
j Int 4
